<?xml version="1.0" encoding="UTF-8"?>
<testng-results ignored="0" total="1" passed="1" failed="0" skipped="0">
  <reporter-output>
  </reporter-output>
  <suite started-at="2024-03-18T12:32:15 AEDT" name="Default suite" finished-at="2024-03-18T12:32:22 AEDT" duration-ms="6888">
    <groups>
    </groups>
    <test started-at="2024-03-18T12:32:15 AEDT" name="Default test" finished-at="2024-03-18T12:32:22 AEDT" duration-ms="6888">
      <class name="BrowserChromeTest">
        <test-method is-config="true" signature="setUp()[pri:0, instance:BrowserChromeTest@670002]" started-at="2024-03-18T12:32:15 AEDT" name="setUp" finished-at="2024-03-18T12:32:19 AEDT" duration-ms="4238" status="PASS">
          <reporter-output>
          </reporter-output>
        </test-method> <!-- setUp -->
        <test-method signature="TestBrowser()[pri:0, instance:BrowserChromeTest@670002]" started-at="2024-03-18T12:32:19 AEDT" name="TestBrowser" finished-at="2024-03-18T12:32:21 AEDT" duration-ms="2045" status="PASS">
          <reporter-output>
          </reporter-output>
        </test-method> <!-- TestBrowser -->
        <test-method is-config="true" signature="teardown()[pri:0, instance:BrowserChromeTest@670002]" started-at="2024-03-18T12:32:21 AEDT" name="teardown" finished-at="2024-03-18T12:32:22 AEDT" duration-ms="572" status="PASS">
          <reporter-output>
          </reporter-output>
        </test-method> <!-- teardown -->
      </class> <!-- BrowserChromeTest -->
    </test> <!-- Default test -->
  </suite> <!-- Default suite -->
</testng-results>
