<?xml version="1.0" encoding="UTF-8"?>
<testng-results ignored="0" total="1" passed="1" failed="0" skipped="0">
  <reporter-output>
  </reporter-output>
  <suite started-at="2024-03-02T15:31:49 AEDT" name="Default suite" finished-at="2024-03-02T15:31:56 AEDT" duration-ms="6860">
    <groups>
    </groups>
    <test started-at="2024-03-02T15:31:49 AEDT" name="Default test" finished-at="2024-03-02T15:31:56 AEDT" duration-ms="6860">
      <class name="BrowserChromeTest">
        <test-method is-config="true" signature="setUp()[pri:0, instance:BrowserChromeTest@670002]" started-at="2024-03-02T15:31:49 AEDT" name="setUp" finished-at="2024-03-02T15:31:53 AEDT" duration-ms="3862" status="PASS">
          <reporter-output>
          </reporter-output>
        </test-method> <!-- setUp -->
        <test-method signature="TestBrowser()[pri:0, instance:BrowserChromeTest@670002]" started-at="2024-03-02T15:31:53 AEDT" name="TestBrowser" finished-at="2024-03-02T15:31:55 AEDT" duration-ms="2311" status="PASS">
          <reporter-output>
          </reporter-output>
        </test-method> <!-- TestBrowser -->
        <test-method is-config="true" signature="teardown()[pri:0, instance:BrowserChromeTest@670002]" started-at="2024-03-02T15:31:55 AEDT" name="teardown" finished-at="2024-03-02T15:31:56 AEDT" duration-ms="652" status="PASS">
          <reporter-output>
          </reporter-output>
        </test-method> <!-- teardown -->
      </class> <!-- BrowserChromeTest -->
    </test> <!-- Default test -->
  </suite> <!-- Default suite -->
</testng-results>
